[2014-11-11 13:56:18] START
[2014-11-11 13:56:42] CREATE user.py: 0
[2014-11-11 13:56:52] CREATE project.py: 0
[2014-11-11 14:01:24] EDIT BootUp/models/project.py: 5
[2014-11-11 14:03:27] EDIT BootUp/models/project.py: 9
[2014-11-11 14:03:28] EDIT BootUp/models/project.py: -1
[2014-11-11 14:04:01] EDIT BootUp/models/project.py: -1
[2014-11-11 14:04:10] EDIT BootUp/models/project.py: 0
[2014-11-11 14:04:44] EDIT BootUp/models/project.py: 1
[2014-11-11 14:04:50] EDIT BootUp/models/project.py: -1
[2014-11-11 14:05:09] EDIT BootUp/models/project.py: 0
[2014-11-11 14:05:30] EDIT BootUp/models/project.py: 0
[2014-11-11 14:05:37] EDIT BootUp/models/project.py: 0
[2014-11-11 14:06:20] EDIT BootUp/models/project.py: 1
[2014-11-11 14:06:30] EDIT BootUp/models/project.py: 0
[2014-11-11 14:06:37] EDIT BootUp/models/project.py: 0
[2014-11-11 14:06:39] EDIT BootUp/models/project.py: 1
[2014-11-11 14:06:45] EDIT BootUp/models/project.py: 1
[2014-11-11 14:06:52] EDIT BootUp/models/project.py: 0
[2014-11-11 14:06:55] EDIT BootUp/models/project.py: 0
[2014-11-11 14:07:34] EDIT BootUp/models/project.py: 1
[2014-11-11 14:12:25] EDIT BootUp/models/project.py: 11
[2014-11-11 14:12:34] EDIT BootUp/models/project.py: 0
[2014-11-11 14:12:44] EDIT BootUp/models/project.py: 0
[2014-11-11 14:14:32] EDIT BootUp/models/project.py: 1
[2014-11-11 14:16:10] EDIT BootUp/models/project.py: 0
[2014-11-11 14:16:14] EDIT BootUp/models/project.py: 0
[2014-11-11 14:17:47] EDIT BootUp/models/project.py: 0
[2014-11-11 14:17:50] EDIT BootUp/models/project.py: 1
[2014-11-11 14:18:55] EDIT BootUp/models/project.py: 2
[2014-11-11 14:19:03] EDIT BootUp/models/project.py: 0
[2014-11-11 14:19:11] EDIT BootUp/models/project.py: 0
[2014-11-11 14:19:19] EDIT BootUp/models/project.py: 0
[2014-11-11 14:21:03] EDIT BootUp/models/project.py: 4
[2014-11-11 14:22:46] EDIT BootUp/models/project.py: 2
[2014-11-11 15:32:00] EDIT BootUp/models/project.py: 2
[2014-11-11 15:32:02] EDIT BootUp/models/project.py: 0
[2014-11-11 15:32:04] EDIT BootUp/models/project.py: 0
[2014-11-11 15:32:21] EDIT BootUp/models/project.py: 1
[2014-11-11 15:32:30] EDIT BootUp/models/project.py: 0
[2014-11-11 15:32:38] EDIT BootUp/models/project.py: 0
[2014-11-11 15:33:50] EDIT BootUp/models/project.py: 0
